C51 COMPILER V9.59.0.0   IR                                                                06/23/2024 15:37:40 PAGE 1   


C51 COMPILER V9.59.0.0, COMPILATION OF MODULE IR
OBJECT MODULE PLACED IN IR.OBJ
COMPILER INVOKED BY: D:\Program Files (x86)\Keil5\C51\BIN\C51.EXE IR.C OPTIMIZE(8,SPEED) BROWSE DEBUG OBJECTEXTEND

line level    source

   1          
   2          #include <reg51.h>
   3          
   4          sbit IRIN = P3^2;         //红外接收器数据线
   5          
   6          
   7          void IRdelay(char x);  //x*0.14MS
   8          void beep();
   9          
  10          unsigned char  IRCOM[7];
  11          extern unsigned char control_type;
  12          extern void display(unsigned char Key_Val);
  13          /*******************************************************************/
  14          void IRInit()
  15          {
  16   1          IE |= 0x81;                 //允许总中断中断,使能 INT0 外部中断
  17   1          TCON |= 0x01;               //触发方式为脉冲负边沿触发
  18   1          
  19   1          IRIN=1;                    //I/O口初始化
  20   1      } 
  21          
  22          /**********************************************************/
  23          void IR_IN(void) interrupt 0 
  24          {
  25   1          unsigned char j,k,N=0;
  26   1          EX0 = 0;  
  27   1      
  28   1          IRdelay(5);
  29   1          if (IRIN==1) 
  30   1          { 
  31   2              EX0 =1;
  32   2              return;
  33   2          } 
  34   1                                 //确认IR信号出现
  35   1          while (!IRIN)            //等IR变为高电平，跳过9ms的前导低电平信号。
  36   1          {IRdelay(1);}
  37   1      
  38   1          for (j=0;j<4;j++)         //收集四组数据
  39   1          { 
  40   2              for (k=0;k<8;k++)        //每组数据有8位
  41   2              {
  42   3                  while (IRIN)            //等 IR 变为低电平，跳过4.5ms的前导高电平信号。
  43   3                  {IRdelay(1);}
  44   3                  while (!IRIN)          //等 IR 变为高电平
  45   3                  {IRdelay(1);}
  46   3                  while (IRIN)           //计算IR高电平时长
  47   3                  {
  48   4                      IRdelay(1);
  49   4                      N++;           
  50   4                      if (N>=30)
  51   4                      { 
  52   5                          EX0=1;
  53   5                          return;
  54   5                      }                  //0.14ms计数过长自动离开。
  55   4                  }                        //高电平计数完毕                
C51 COMPILER V9.59.0.0   IR                                                                06/23/2024 15:37:40 PAGE 2   

  56   3                  IRCOM[j]=IRCOM[j] >> 1;                  //数据最高位补“0”
  57   3                  if (N>=8) {IRCOM[j] = IRCOM[j] | 0x80;}  //数据最高位补“1”
  58   3                  N=0;
  59   3                  
  60   3                  control_type = 'r';
  61   3              }//end for k
  62   2              
  63   2          }//end for j
  64   1         
  65   1          if (IRCOM[2]!=~IRCOM[3])
  66   1          { 
  67   2              EX0=1;
  68   2              return; 
  69   2              }
  70   1      
  71   1          EX0 = 1; 
  72   1      } 
  73          
  74          
  75          /**********************************************************/
  76          void IRdelay(unsigned char x)    //x*0.14MS
  77          {
  78   1          unsigned char i;
  79   1          while(x--)
  80   1          {
  81   2          for (i = 0; i<13; i++) {}
  82   2          }
  83   1      }
  84          
  85          
  86          
  87          


MODULE INFORMATION:   STATIC OVERLAYABLE
   CODE SIZE        =    242    ----
   CONSTANT SIZE    =   ----    ----
   XDATA SIZE       =   ----    ----
   PDATA SIZE       =   ----    ----
   DATA SIZE        =      7       3
   IDATA SIZE       =   ----    ----
   BIT SIZE         =   ----    ----
END OF MODULE INFORMATION.


C51 COMPILATION COMPLETE.  0 WARNING(S),  0 ERROR(S)
